<root>
    <a id="1">A1</a>
    <a id="2">A2</a>
    <a id="3">A3</a>

    <b id="1">B1</b>
    <b id="2">B2</b>
    <b id="3">B3</b>
</root>