<?xml version="1.0"?>
<smooks-resource-list xmlns="http://www.milyn.org/xsd/smooks-1.1.xsd" xmlns:mule="http://dist.muleforge.org/smooks/schema/smooks-mule-1.2.xsd">

	<mule:dispatcher endpointName="endpoint" dispatchOnElement="root" >
		<mule:messagePayload>
			<mule:expression>"payload"</mule:expression>
		</mule:messagePayload>
	</mule:dispatcher>

</smooks-resource-list>