<?xml version="1.0"?>
<smooks-resource-list xmlns="http://www.milyn.org/xsd/smooks-1.1.xsd">

	<resource-config selector="root">
		<resource>org.milyn.smooks.mule.core.MuleDispatcher</resource>
		<param name="endpointName">endpoint</param>
		<param name="expression">"payload"</param>
	</resource-config>

</smooks-resource-list>